2022-05-15 10:07:41,183 INFO Included extra file "/etc/supervisor/conf.d/supervisord.cronode.conf" during parsing
2022-05-15 10:07:41,185 INFO supervisord started with pid 1
2022-05-15 10:07:42,188 INFO spawned: 'cronode' with pid 89
2022-05-15 10:07:43,199 INFO success: cronode entered RUNNING state, process has stayed up for > than 1 seconds (startsecs)
2022-05-16 06:10:41,879 WARN received SIGTERM indicating exit request
2022-05-16 06:10:41,880 INFO waiting for cronode to die
2022-05-16 06:10:41,881 INFO stopped: cronode (terminated by SIGTERM)
2022-05-16 06:28:03,821 INFO Included extra file "/etc/supervisor/conf.d/supervisord.cronode.conf" during parsing
2022-05-16 06:28:03,823 INFO supervisord started with pid 1
2022-05-16 06:28:04,826 INFO spawned: 'cronode' with pid 109
2022-05-16 06:28:04,957 INFO exited: cronode (exit status 1; not expected)
2022-05-16 06:28:05,961 INFO spawned: 'cronode' with pid 117
2022-05-16 06:28:06,091 INFO exited: cronode (exit status 1; not expected)
2022-05-16 06:28:08,095 INFO spawned: 'cronode' with pid 125
2022-05-16 06:28:09,218 INFO success: cronode entered RUNNING state, process has stayed up for > than 1 seconds (startsecs)
2022-05-16 06:28:09,219 INFO exited: cronode (exit status 1; not expected)
2022-05-16 06:28:10,222 INFO spawned: 'cronode' with pid 133
2022-05-16 06:28:11,359 INFO success: cronode entered RUNNING state, process has stayed up for > than 1 seconds (startsecs)
2022-05-16 06:28:11,359 INFO exited: cronode (exit status 1; not expected)
2022-05-16 06:28:12,363 INFO spawned: 'cronode' with pid 142
2022-05-16 06:28:13,492 INFO success: cronode entered RUNNING state, process has stayed up for > than 1 seconds (startsecs)
2022-05-16 06:28:13,492 INFO exited: cronode (exit status 1; not expected)
2022-05-16 06:28:14,500 INFO spawned: 'cronode' with pid 150
2022-05-16 06:28:14,626 INFO exited: cronode (exit status 1; not expected)
2022-05-16 06:28:15,630 INFO spawned: 'cronode' with pid 158
2022-05-16 06:28:15,759 INFO exited: cronode (exit status 1; not expected)
2022-05-16 06:28:17,763 INFO spawned: 'cronode' with pid 166
2022-05-16 06:28:18,888 INFO success: cronode entered RUNNING state, process has stayed up for > than 1 seconds (startsecs)
2022-05-16 06:28:18,889 INFO exited: cronode (exit status 1; not expected)
2022-05-16 06:28:19,892 INFO spawned: 'cronode' with pid 174
2022-05-16 06:28:20,019 INFO exited: cronode (exit status 1; not expected)
2022-05-16 06:28:21,022 INFO spawned: 'cronode' with pid 182
2022-05-16 06:28:22,151 INFO success: cronode entered RUNNING state, process has stayed up for > than 1 seconds (startsecs)
2022-05-16 06:28:22,152 INFO exited: cronode (exit status 1; not expected)
2022-05-16 06:28:23,156 INFO spawned: 'cronode' with pid 191
2022-05-16 06:28:24,301 INFO success: cronode entered RUNNING state, process has stayed up for > than 1 seconds (startsecs)
2022-05-16 06:28:24,302 INFO exited: cronode (exit status 1; not expected)
2022-05-16 06:28:25,305 INFO spawned: 'cronode' with pid 200
2022-05-16 06:28:25,428 INFO exited: cronode (exit status 1; not expected)
2022-05-16 06:28:26,431 INFO spawned: 'cronode' with pid 207
2022-05-16 06:28:27,550 INFO success: cronode entered RUNNING state, process has stayed up for > than 1 seconds (startsecs)
2022-05-16 06:28:27,550 INFO exited: cronode (exit status 1; not expected)
2022-05-16 06:28:28,553 INFO spawned: 'cronode' with pid 215
2022-05-16 06:28:28,554 WARN received SIGTERM indicating exit request
2022-05-16 06:28:28,554 INFO waiting for cronode to die
2022-05-16 06:28:28,679 INFO stopped: cronode (exit status 1)
2022-05-17 05:50:12,073 INFO Included extra file "/etc/supervisor/conf.d/supervisord.cronode.conf" during parsing
2022-05-17 05:50:12,075 INFO supervisord started with pid 1
2022-05-17 05:50:13,080 INFO spawned: 'cronode' with pid 111
2022-05-17 05:50:14,293 INFO success: cronode entered RUNNING state, process has stayed up for > than 1 seconds (startsecs)
2022-05-17 08:40:37,313 WARN received SIGTERM indicating exit request
2022-05-17 08:40:37,314 INFO waiting for cronode to die
2022-05-17 08:40:37,332 INFO stopped: cronode (exit status 0)
2022-05-17 09:05:18,056 INFO Included extra file "/etc/supervisor/conf.d/supervisord.cronode.conf" during parsing
2022-05-17 09:05:18,058 INFO supervisord started with pid 1
2022-05-17 09:05:19,061 INFO spawned: 'cronode' with pid 112
2022-05-17 09:05:20,299 INFO success: cronode entered RUNNING state, process has stayed up for > than 1 seconds (startsecs)
2022-05-17 09:06:48,701 WARN received SIGTERM indicating exit request
2022-05-17 09:06:48,702 INFO waiting for cronode to die
2022-05-17 09:06:49,718 INFO stopped: cronode (exit status 0)
